{"/home/ruiined/projects/gilded-rose/src/item.js": {"path":"/home/ruiined/projects/gilded-rose/src/item.js","statementMap":{"0":{"start":{"line":3,"column":4},"end":{"line":3,"column":21}},"1":{"start":{"line":4,"column":4},"end":{"line":4,"column":25}},"2":{"start":{"line":5,"column":4},"end":{"line":5,"column":27}},"3":{"start":{"line":9,"column":0},"end":{"line":9,"column":22}}},"fnMap":{"0":{"name":"(anonymous_0)","decl":{"start":{"line":2,"column":2},"end":{"line":2,"column":3}},"loc":{"start":{"line":2,"column":37},"end":{"line":6,"column":3}},"line":2}},"branchMap":{},"s":{"0":1,"1":1,"2":1,"3":1},"f":{"0":1},"b":{},"_coverageSchema":"1a1c01bbd47fc00a2c39e90264f33305004495a9","hash":"afc344c86cedd26332b29247751fc1b727ef4f3b"}
,"/home/ruiined/projects/gilded-rose/src/shop.js": {"path":"/home/ruiined/projects/gilded-rose/src/shop.js","statementMap":{"0":{"start":{"line":3,"column":4},"end":{"line":3,"column":23}},"1":{"start":{"line":6,"column":4},"end":{"line":54,"column":5}},"2":{"start":{"line":6,"column":17},"end":{"line":6,"column":18}},"3":{"start":{"line":7,"column":6},"end":{"line":32,"column":7}},"4":{"start":{"line":11,"column":8},"end":{"line":15,"column":9}},"5":{"start":{"line":12,"column":10},"end":{"line":14,"column":11}},"6":{"start":{"line":13,"column":12},"end":{"line":13,"column":62}},"7":{"start":{"line":17,"column":8},"end":{"line":31,"column":9}},"8":{"start":{"line":18,"column":10},"end":{"line":18,"column":60}},"9":{"start":{"line":19,"column":10},"end":{"line":30,"column":11}},"10":{"start":{"line":20,"column":12},"end":{"line":24,"column":13}},"11":{"start":{"line":21,"column":14},"end":{"line":23,"column":15}},"12":{"start":{"line":22,"column":16},"end":{"line":22,"column":66}},"13":{"start":{"line":25,"column":12},"end":{"line":29,"column":13}},"14":{"start":{"line":26,"column":14},"end":{"line":28,"column":15}},"15":{"start":{"line":27,"column":16},"end":{"line":27,"column":66}},"16":{"start":{"line":33,"column":6},"end":{"line":35,"column":7}},"17":{"start":{"line":34,"column":8},"end":{"line":34,"column":56}},"18":{"start":{"line":36,"column":6},"end":{"line":53,"column":7}},"19":{"start":{"line":37,"column":8},"end":{"line":52,"column":9}},"20":{"start":{"line":38,"column":10},"end":{"line":47,"column":11}},"21":{"start":{"line":39,"column":12},"end":{"line":43,"column":13}},"22":{"start":{"line":40,"column":14},"end":{"line":42,"column":15}},"23":{"start":{"line":41,"column":16},"end":{"line":41,"column":66}},"24":{"start":{"line":45,"column":12},"end":{"line":46,"column":60}},"25":{"start":{"line":49,"column":10},"end":{"line":51,"column":11}},"26":{"start":{"line":50,"column":12},"end":{"line":50,"column":62}},"27":{"start":{"line":56,"column":4},"end":{"line":56,"column":22}},"28":{"start":{"line":60,"column":0},"end":{"line":60,"column":22}}},"fnMap":{"0":{"name":"(anonymous_0)","decl":{"start":{"line":2,"column":2},"end":{"line":2,"column":3}},"loc":{"start":{"line":2,"column":26},"end":{"line":4,"column":3}},"line":2},"1":{"name":"(anonymous_1)","decl":{"start":{"line":5,"column":2},"end":{"line":5,"column":3}},"loc":{"start":{"line":5,"column":18},"end":{"line":57,"column":3}},"line":5}},"branchMap":{"0":{"loc":{"start":{"line":2,"column":14},"end":{"line":2,"column":24}},"type":"default-arg","locations":[{"start":{"line":2,"column":22},"end":{"line":2,"column":24}}],"line":2},"1":{"loc":{"start":{"line":7,"column":6},"end":{"line":32,"column":7}},"type":"if","locations":[{"start":{"line":7,"column":6},"end":{"line":32,"column":7}},{"start":{"line":16,"column":13},"end":{"line":32,"column":7}}],"line":7},"2":{"loc":{"start":{"line":8,"column":8},"end":{"line":9,"column":46}},"type":"binary-expr","locations":[{"start":{"line":8,"column":8},"end":{"line":8,"column":41}},{"start":{"line":9,"column":8},"end":{"line":9,"column":46}}],"line":8},"3":{"loc":{"start":{"line":11,"column":8},"end":{"line":15,"column":9}},"type":"if","locations":[{"start":{"line":11,"column":8},"end":{"line":15,"column":9}},{"start":{},"end":{}}],"line":11},"4":{"loc":{"start":{"line":12,"column":10},"end":{"line":14,"column":11}},"type":"if","locations":[{"start":{"line":12,"column":10},"end":{"line":14,"column":11}},{"start":{},"end":{}}],"line":12},"5":{"loc":{"start":{"line":17,"column":8},"end":{"line":31,"column":9}},"type":"if","locations":[{"start":{"line":17,"column":8},"end":{"line":31,"column":9}},{"start":{},"end":{}}],"line":17},"6":{"loc":{"start":{"line":19,"column":10},"end":{"line":30,"column":11}},"type":"if","locations":[{"start":{"line":19,"column":10},"end":{"line":30,"column":11}},{"start":{},"end":{}}],"line":19},"7":{"loc":{"start":{"line":20,"column":12},"end":{"line":24,"column":13}},"type":"if","locations":[{"start":{"line":20,"column":12},"end":{"line":24,"column":13}},{"start":{},"end":{}}],"line":20},"8":{"loc":{"start":{"line":21,"column":14},"end":{"line":23,"column":15}},"type":"if","locations":[{"start":{"line":21,"column":14},"end":{"line":23,"column":15}},{"start":{},"end":{}}],"line":21},"9":{"loc":{"start":{"line":25,"column":12},"end":{"line":29,"column":13}},"type":"if","locations":[{"start":{"line":25,"column":12},"end":{"line":29,"column":13}},{"start":{},"end":{}}],"line":25},"10":{"loc":{"start":{"line":26,"column":14},"end":{"line":28,"column":15}},"type":"if","locations":[{"start":{"line":26,"column":14},"end":{"line":28,"column":15}},{"start":{},"end":{}}],"line":26},"11":{"loc":{"start":{"line":33,"column":6},"end":{"line":35,"column":7}},"type":"if","locations":[{"start":{"line":33,"column":6},"end":{"line":35,"column":7}},{"start":{},"end":{}}],"line":33},"12":{"loc":{"start":{"line":36,"column":6},"end":{"line":53,"column":7}},"type":"if","locations":[{"start":{"line":36,"column":6},"end":{"line":53,"column":7}},{"start":{},"end":{}}],"line":36},"13":{"loc":{"start":{"line":37,"column":8},"end":{"line":52,"column":9}},"type":"if","locations":[{"start":{"line":37,"column":8},"end":{"line":52,"column":9}},{"start":{"line":48,"column":15},"end":{"line":52,"column":9}}],"line":37},"14":{"loc":{"start":{"line":38,"column":10},"end":{"line":47,"column":11}},"type":"if","locations":[{"start":{"line":38,"column":10},"end":{"line":47,"column":11}},{"start":{"line":44,"column":17},"end":{"line":47,"column":11}}],"line":38},"15":{"loc":{"start":{"line":39,"column":12},"end":{"line":43,"column":13}},"type":"if","locations":[{"start":{"line":39,"column":12},"end":{"line":43,"column":13}},{"start":{},"end":{}}],"line":39},"16":{"loc":{"start":{"line":40,"column":14},"end":{"line":42,"column":15}},"type":"if","locations":[{"start":{"line":40,"column":14},"end":{"line":42,"column":15}},{"start":{},"end":{}}],"line":40},"17":{"loc":{"start":{"line":49,"column":10},"end":{"line":51,"column":11}},"type":"if","locations":[{"start":{"line":49,"column":10},"end":{"line":51,"column":11}},{"start":{},"end":{}}],"line":49}},"s":{"0":1,"1":80,"2":80,"3":400,"4":240,"5":90,"6":10,"7":160,"8":104,"9":104,"10":80,"11":77,"12":77,"13":80,"14":72,"15":72,"16":400,"17":320,"18":400,"19":301,"20":223,"21":156,"22":5,"23":5,"24":67,"25":78,"26":21,"27":80,"28":1},"f":{"0":1,"1":80},"b":{"0":[0],"1":[240,160],"2":[400,320],"3":[90,150],"4":[10,80],"5":[104,56],"6":[80,24],"7":[77,3],"8":[77,0],"9":[72,8],"10":[72,0],"11":[320,80],"12":[301,99],"13":[223,78],"14":[156,67],"15":[5,151],"16":[5,0],"17":[21,57]},"_coverageSchema":"1a1c01bbd47fc00a2c39e90264f33305004495a9","hash":"4a2bd0465bcdb3409d4f2f5bfdc704d7ae7e14f7"}
}
