{"/home/ruiined/projects/gilded-rose/src/item.js": {"path":"/home/ruiined/projects/gilded-rose/src/item.js","statementMap":{"0":{"start":{"line":3,"column":4},"end":{"line":3,"column":21}},"1":{"start":{"line":4,"column":4},"end":{"line":4,"column":25}},"2":{"start":{"line":5,"column":4},"end":{"line":5,"column":27}},"3":{"start":{"line":9,"column":0},"end":{"line":9,"column":22}}},"fnMap":{"0":{"name":"(anonymous_0)","decl":{"start":{"line":2,"column":2},"end":{"line":2,"column":3}},"loc":{"start":{"line":2,"column":37},"end":{"line":6,"column":3}},"line":2}},"branchMap":{},"s":{"0":1,"1":1,"2":1,"3":1},"f":{"0":1},"b":{},"_coverageSchema":"1a1c01bbd47fc00a2c39e90264f33305004495a9","hash":"afc344c86cedd26332b29247751fc1b727ef4f3b"}
,"/home/ruiined/projects/gilded-rose/src/shop.js": {"path":"/home/ruiined/projects/gilded-rose/src/shop.js","statementMap":{"0":{"start":{"line":3,"column":4},"end":{"line":3,"column":23}},"1":{"start":{"line":4,"column":4},"end":{"line":4,"column":25}},"2":{"start":{"line":5,"column":4},"end":{"line":5,"column":24}},"3":{"start":{"line":9,"column":4},"end":{"line":21,"column":7}},"4":{"start":{"line":10,"column":6},"end":{"line":10,"column":61}},"5":{"start":{"line":10,"column":54},"end":{"line":10,"column":61}},"6":{"start":{"line":11,"column":6},"end":{"line":11,"column":20}},"7":{"start":{"line":13,"column":6},"end":{"line":13,"column":72}},"8":{"start":{"line":13,"column":37},"end":{"line":13,"column":72}},"9":{"start":{"line":14,"column":6},"end":{"line":14,"column":75}},"10":{"start":{"line":14,"column":42},"end":{"line":14,"column":75}},"11":{"start":{"line":15,"column":6},"end":{"line":16,"column":44}},"12":{"start":{"line":16,"column":8},"end":{"line":16,"column":44}},"13":{"start":{"line":17,"column":6},"end":{"line":18,"column":44}},"14":{"start":{"line":18,"column":8},"end":{"line":18,"column":44}},"15":{"start":{"line":20,"column":6},"end":{"line":20,"column":35}},"16":{"start":{"line":25,"column":4},"end":{"line":25,"column":26}},"17":{"start":{"line":26,"column":4},"end":{"line":26,"column":71}},"18":{"start":{"line":26,"column":40},"end":{"line":26,"column":71}},"19":{"start":{"line":27,"column":4},"end":{"line":27,"column":71}},"20":{"start":{"line":27,"column":40},"end":{"line":27,"column":71}},"21":{"start":{"line":31,"column":4},"end":{"line":31,"column":74}},"22":{"start":{"line":31,"column":47},"end":{"line":31,"column":74}},"23":{"start":{"line":32,"column":4},"end":{"line":32,"column":73}},"24":{"start":{"line":32,"column":46},"end":{"line":32,"column":73}},"25":{"start":{"line":33,"column":4},"end":{"line":33,"column":72}},"26":{"start":{"line":33,"column":45},"end":{"line":33,"column":72}},"27":{"start":{"line":34,"column":4},"end":{"line":34,"column":45}},"28":{"start":{"line":34,"column":28},"end":{"line":34,"column":45}},"29":{"start":{"line":38,"column":0},"end":{"line":38,"column":22}}},"fnMap":{"0":{"name":"(anonymous_0)","decl":{"start":{"line":2,"column":2},"end":{"line":2,"column":3}},"loc":{"start":{"line":2,"column":26},"end":{"line":6,"column":3}},"line":2},"1":{"name":"(anonymous_1)","decl":{"start":{"line":8,"column":2},"end":{"line":8,"column":3}},"loc":{"start":{"line":8,"column":18},"end":{"line":22,"column":3}},"line":8},"2":{"name":"(anonymous_2)","decl":{"start":{"line":9,"column":23},"end":{"line":9,"column":24}},"loc":{"start":{"line":9,"column":33},"end":{"line":21,"column":5}},"line":9},"3":{"name":"(anonymous_3)","decl":{"start":{"line":24,"column":2},"end":{"line":24,"column":3}},"loc":{"start":{"line":24,"column":29},"end":{"line":28,"column":3}},"line":24},"4":{"name":"(anonymous_4)","decl":{"start":{"line":30,"column":2},"end":{"line":30,"column":3}},"loc":{"start":{"line":30,"column":23},"end":{"line":35,"column":3}},"line":30}},"branchMap":{"0":{"loc":{"start":{"line":2,"column":14},"end":{"line":2,"column":24}},"type":"default-arg","locations":[{"start":{"line":2,"column":22},"end":{"line":2,"column":24}}],"line":2},"1":{"loc":{"start":{"line":10,"column":6},"end":{"line":10,"column":61}},"type":"if","locations":[{"start":{"line":10,"column":6},"end":{"line":10,"column":61}},{"start":{},"end":{}}],"line":10},"2":{"loc":{"start":{"line":13,"column":6},"end":{"line":13,"column":72}},"type":"if","locations":[{"start":{"line":13,"column":6},"end":{"line":13,"column":72}},{"start":{},"end":{}}],"line":13},"3":{"loc":{"start":{"line":14,"column":6},"end":{"line":14,"column":75}},"type":"if","locations":[{"start":{"line":14,"column":6},"end":{"line":14,"column":75}},{"start":{},"end":{}}],"line":14},"4":{"loc":{"start":{"line":15,"column":6},"end":{"line":16,"column":44}},"type":"if","locations":[{"start":{"line":15,"column":6},"end":{"line":16,"column":44}},{"start":{},"end":{}}],"line":15},"5":{"loc":{"start":{"line":15,"column":10},"end":{"line":15,"column":53}},"type":"binary-expr","locations":[{"start":{"line":15,"column":10},"end":{"line":15,"column":25}},{"start":{"line":15,"column":29},"end":{"line":15,"column":53}}],"line":15},"6":{"loc":{"start":{"line":17,"column":6},"end":{"line":18,"column":44}},"type":"if","locations":[{"start":{"line":17,"column":6},"end":{"line":18,"column":44}},{"start":{},"end":{}}],"line":17},"7":{"loc":{"start":{"line":17,"column":10},"end":{"line":17,"column":53}},"type":"binary-expr","locations":[{"start":{"line":17,"column":10},"end":{"line":17,"column":25}},{"start":{"line":17,"column":29},"end":{"line":17,"column":53}}],"line":17},"8":{"loc":{"start":{"line":26,"column":4},"end":{"line":26,"column":71}},"type":"if","locations":[{"start":{"line":26,"column":4},"end":{"line":26,"column":71}},{"start":{},"end":{}}],"line":26},"9":{"loc":{"start":{"line":27,"column":4},"end":{"line":27,"column":71}},"type":"if","locations":[{"start":{"line":27,"column":4},"end":{"line":27,"column":71}},{"start":{},"end":{}}],"line":27},"10":{"loc":{"start":{"line":31,"column":4},"end":{"line":31,"column":74}},"type":"if","locations":[{"start":{"line":31,"column":4},"end":{"line":31,"column":74}},{"start":{},"end":{}}],"line":31},"11":{"loc":{"start":{"line":31,"column":8},"end":{"line":31,"column":45}},"type":"binary-expr","locations":[{"start":{"line":31,"column":8},"end":{"line":31,"column":25}},{"start":{"line":31,"column":29},"end":{"line":31,"column":45}}],"line":31},"12":{"loc":{"start":{"line":32,"column":4},"end":{"line":32,"column":73}},"type":"if","locations":[{"start":{"line":32,"column":4},"end":{"line":32,"column":73}},{"start":{},"end":{}}],"line":32},"13":{"loc":{"start":{"line":32,"column":8},"end":{"line":32,"column":44}},"type":"binary-expr","locations":[{"start":{"line":32,"column":8},"end":{"line":32,"column":24}},{"start":{"line":32,"column":28},"end":{"line":32,"column":44}}],"line":32},"14":{"loc":{"start":{"line":33,"column":4},"end":{"line":33,"column":72}},"type":"if","locations":[{"start":{"line":33,"column":4},"end":{"line":33,"column":72}},{"start":{},"end":{}}],"line":33},"15":{"loc":{"start":{"line":33,"column":8},"end":{"line":33,"column":43}},"type":"binary-expr","locations":[{"start":{"line":33,"column":8},"end":{"line":33,"column":24}},{"start":{"line":33,"column":28},"end":{"line":33,"column":43}}],"line":33},"16":{"loc":{"start":{"line":34,"column":4},"end":{"line":34,"column":45}},"type":"if","locations":[{"start":{"line":34,"column":4},"end":{"line":34,"column":45}},{"start":{},"end":{}}],"line":34}},"s":{"0":1,"1":1,"2":1,"3":80,"4":400,"5":80,"6":320,"7":320,"8":80,"9":240,"10":80,"11":160,"12":78,"13":82,"14":80,"15":2,"16":240,"17":240,"18":35,"19":240,"20":154,"21":80,"22":3,"23":77,"24":5,"25":72,"26":5,"27":67,"28":1,"29":1},"f":{"0":1,"1":80,"2":400,"3":240,"4":80},"b":{"0":[0],"1":[80,320],"2":[80,240],"3":[80,160],"4":[78,82],"5":[160,156],"6":[80,2],"7":[82,4],"8":[35,205],"9":[154,86],"10":[3,77],"11":[80,3],"12":[5,72],"13":[77,5],"14":[5,67],"15":[72,5],"16":[1,66]},"_coverageSchema":"1a1c01bbd47fc00a2c39e90264f33305004495a9","hash":"da8e785319426671ab55ecb3ef9ff22867c7aed2"}
}
