TN:
SF:src/item.js
FN:2,(anonymous_0)
FNF:1
FNH:1
FNDA:1,(anonymous_0)
DA:3,1
DA:4,1
DA:5,1
DA:9,1
LF:4
LH:4
BRF:0
BRH:0
end_of_record
TN:
SF:src/shop.js
FN:2,(anonymous_0)
FN:8,(anonymous_1)
FN:9,(anonymous_2)
FN:24,(anonymous_3)
FN:30,(anonymous_4)
FNF:5
FNH:5
FNDA:1,(anonymous_0)
FNDA:80,(anonymous_1)
FNDA:400,(anonymous_2)
FNDA:240,(anonymous_3)
FNDA:80,(anonymous_4)
DA:3,1
DA:4,1
DA:5,1
DA:9,80
DA:10,400
DA:11,320
DA:13,320
DA:14,240
DA:15,160
DA:16,78
DA:17,82
DA:18,80
DA:20,2
DA:25,240
DA:26,240
DA:27,240
DA:31,80
DA:32,77
DA:33,72
DA:34,67
DA:38,1
LF:21
LH:21
BRDA:2,0,0,0
BRDA:10,1,0,80
BRDA:10,1,1,320
BRDA:13,2,0,80
BRDA:13,2,1,240
BRDA:14,3,0,80
BRDA:14,3,1,160
BRDA:15,4,0,78
BRDA:15,4,1,82
BRDA:15,5,0,160
BRDA:15,5,1,156
BRDA:17,6,0,80
BRDA:17,6,1,2
BRDA:17,7,0,82
BRDA:17,7,1,4
BRDA:26,8,0,35
BRDA:26,8,1,205
BRDA:27,9,0,154
BRDA:27,9,1,86
BRDA:31,10,0,3
BRDA:31,10,1,77
BRDA:31,11,0,80
BRDA:31,11,1,3
BRDA:32,12,0,5
BRDA:32,12,1,72
BRDA:32,13,0,77
BRDA:32,13,1,5
BRDA:33,14,0,5
BRDA:33,14,1,67
BRDA:33,15,0,72
BRDA:33,15,1,5
BRDA:34,16,0,1
BRDA:34,16,1,66
BRF:33
BRH:32
end_of_record
