TN:
SF:src/inventory.js
FN:2,(anonymous_0)
FN:32,(anonymous_1)
FN:33,(anonymous_2)
FNF:3
FNH:3
FNDA:4,(anonymous_0)
FNDA:406,(anonymous_1)
FNDA:1216,(anonymous_2)
DA:3,4
DA:33,1216
DA:37,2
LF:3
LH:3
BRF:0
BRH:0
end_of_record
TN:
SF:src/item.js
FN:2,(anonymous_0)
FNF:1
FNH:1
FNDA:1,(anonymous_0)
DA:3,1
DA:4,1
DA:5,1
DA:9,1
LF:4
LH:4
BRF:0
BRH:0
end_of_record
TN:
SF:src/shop.js
FN:4,(anonymous_0)
FN:11,(anonymous_1)
FN:12,(anonymous_2)
FN:21,(anonymous_3)
FN:27,(anonymous_4)
FNF:5
FNH:5
FNDA:3,(anonymous_0)
FNDA:81,(anonymous_1)
FNDA:405,(anonymous_2)
FNDA:404,(anonymous_3)
FNDA:81,(anonymous_4)
DA:1,1
DA:5,3
DA:6,3
DA:7,3
DA:8,3
DA:12,81
DA:13,405
DA:14,405
DA:15,405
DA:16,324
DA:17,324
DA:22,404
DA:23,404
DA:24,404
DA:28,81
DA:38,1
DA:39,1
DA:40,1
DA:41,1
DA:42,1
DA:43,1
DA:44,1
DA:46,1
DA:47,1
DA:48,1
DA:50,1
LF:26
LH:26
BRDA:4,0,0,1
BRDA:4,1,0,3
BRDA:14,2,0,324
BRDA:14,2,1,81
BRDA:15,3,0,81
BRDA:15,3,1,324
BRDA:16,4,0,156
BRDA:16,4,1,168
BRDA:16,5,0,324
BRDA:16,5,1,234
BRDA:23,6,0,51
BRDA:23,6,1,353
BRDA:24,7,0,154
BRDA:24,7,1,250
BRDA:28,8,0,1
BRDA:28,8,1,80
BRDA:30,9,0,5
BRDA:30,9,1,75
BRDA:30,10,0,80
BRDA:30,10,1,14
BRDA:32,11,0,5
BRDA:32,11,1,70
BRDA:32,12,0,75
BRDA:32,12,1,9
BRF:24
BRH:24
end_of_record
